5.880600689757917721e+00
5.846466883244165302e+00
5.841847681197259945e+00
5.828394580588032170e+00
5.800049153939525581e+00
5.766987743578316561e+00
5.700738391131691785e+00
5.656084925372381278e+00
5.600162678590812959e+00
5.523893487206343877e+00
5.488212429195892028e+00
5.451264905752442047e+00
5.410459587605515708e+00
5.342415680704044156e+00
5.274935176603018583e+00
5.229600961931359038e+00
5.182733974314198022e+00
5.125370830369983643e+00
5.064984601035577683e+00
5.028862110616485914e+00
4.985509970989257411e+00
4.939780525171139303e+00
4.854685819997005325e+00
4.814462526509229789e+00
4.765303634962562818e+00
4.711646154208462889e+00
4.644899975919673629e+00
4.588772415615152589e+00
4.523633142114880989e+00
4.458493868614609390e+00
4.398439428571411014e+00
4.348425636937972349e+00
4.303047446579992830e+00
4.247998892606509536e+00
4.197430576312623174e+00
4.146556596647607229e+00
4.082248608460491646e+00
4.032409327677249244e+00
3.973459647564672181e+00
3.912810448945068131e+00
3.880900402431415319e+00
3.848990355917762063e+00
3.797592498826278806e+00
3.739387699881489446e+00
3.681182900936700086e+00
3.624796776944941179e+00
3.573200511108454158e+00
3.521953493227856669e+00
3.472202527053139587e+00
3.420168049923398179e+00
3.374278862307232174e+00
3.334375280970096167e+00
3.289401118096722865e+00
3.237426438783254756e+00
3.184146886964420275e+00
3.140143258162784168e+00
3.102165382719102027e+00
3.060379913513358474e+00
3.019132102028635245e+00
2.973528015806385483e+00
2.924163291088080374e+00
2.877782042082528413e+00
2.838355389014197705e+00
2.796740060414329321e+00
2.753309377295102944e+00
2.720163996112415106e+00
2.697999292142029937e+00
2.665752505842787112e+00
2.625456792566048136e+00
2.565563555434280829e+00
2.529055536933715764e+00
2.504809225159883468e+00
2.476702793369440325e+00
2.434870887134250150e+00
2.389142829042419258e+00
2.344192899932944663e+00
2.320469421373921648e+00
2.296745942814898633e+00
2.262835709319301891e+00
2.233672090010005995e+00
2.199172600213777251e+00
2.164715384487156946e+00
2.130866235759843352e+00
2.099435395114987557e+00
2.076927890933288001e+00
2.054420386751588445e+00
2.023189377464242877e+00
1.983473460849115355e+00
1.955166181674030446e+00
1.933798981854079724e+00
1.904306908754730632e+00
1.877480932412902481e+00
1.850258012043917377e+00
1.818902754117739606e+00
1.791650718518611907e+00
1.765969834204646816e+00
1.735627705302582591e+00
1.708744762843307674e+00
1.685065446940089640e+00
1.667240408605936253e+00
1.646172844289972348e+00
1.624691221184944689e+00
1.597445627422978465e+00
1.571328691014905576e+00
1.550620213659974933e+00
1.534069615889793958e+00
1.512848480874100732e+00
1.494244810099361498e+00
1.468325628994162191e+00
1.440102425516544660e+00
1.427259566617152142e+00
1.406843031135849298e+00
1.384044449201813798e+00
1.364280309184479067e+00
1.340608273689694929e+00
1.317420537950962478e+00
1.303101350996755503e+00
1.290020553369943368e+00
1.266773145897897690e+00
1.249317035247847096e+00
1.229957680678591014e+00
1.211034293531060735e+00
1.195817060925897346e+00
1.175221948214496326e+00
1.159874997723979284e+00
1.142213575662476721e+00
1.122857386792422307e+00
1.108521825415099027e+00
1.093655269384719686e+00
1.080691945459135495e+00
1.069699831361277997e+00
1.058707717263420278e+00
1.040924518470421889e+00
1.021749338352620162e+00
1.002574158234818658e+00
9.843373639127249719e-01
9.730091955596800180e-01
9.608222954204086452e-01
9.455132779556625344e-01
9.340560020824795195e-01
9.178460630464784220e-01
9.073455066121209889e-01
8.928748022974453136e-01
8.786241635762477298e-01
8.675989070476339826e-01
8.532435527973313283e-01
8.437063839048399849e-01
8.334695014589579287e-01
8.204317614502001366e-01
8.091809390672501934e-01
7.962928979198594659e-01
7.815264619096528032e-01
7.713551169778209982e-01
7.607339392413782209e-01
7.501127615049353325e-01
7.393376839259150346e-01
7.291880032352597851e-01
7.184120896510258758e-01
7.087970042944466975e-01
6.990234436876682222e-01
6.881844614819211392e-01
6.776718082663832909e-01
6.676202532561046343e-01
6.580808172027791114e-01
6.521837536111227962e-01
6.464077070635776412e-01
6.389068627519848276e-01
6.284254113320895119e-01
6.170750162805473948e-01
6.072196692161194731e-01
6.012137820216922890e-01
5.952078948272651049e-01
5.880789846943822452e-01
5.794106847340777522e-01
5.707423847737731482e-01
5.620740848134684331e-01
5.546715621181464995e-01
5.481484287841383862e-01
5.418648662301602803e-01
5.355813036761818413e-01
5.292977411222038464e-01
5.238976190210273831e-01
5.177035390784088253e-01
5.109109253149046737e-01
5.043151314130464025e-01
4.986666028165353537e-01
4.919286756607220701e-01
4.849225386284188311e-01
4.800613332261989274e-01
4.759727345554939926e-01
4.712444995678336523e-01
4.686925032287836412e-01
4.653035628308406779e-01
4.617647239042947938e-01
4.577506857609185964e-01
4.523227091286241563e-01
4.517747303959974148e-01
4.507404268248508261e-01
4.482217312194040626e-01
4.463375156403392996e-01
4.452061677899152858e-01
