2.586548157492621236e+00
2.589193655441370367e+00
2.586969876984153149e+00
2.580096893553956328e+00
2.586217565066023294e+00
2.588712317191247614e+00
2.581375705952065669e+00
2.574978603555476919e+00
2.573776726697094563e+00
2.573988976748379454e+00
2.567306527112944270e+00
2.566675665243121518e+00
2.564270889710294821e+00
2.561657036697100764e+00
2.562309858267227902e+00
2.559565582661423200e+00
2.553681675455773625e+00
2.551973265222724940e+00
2.545679850769575925e+00
2.541707542008461829e+00
2.540845610314481640e+00
2.537914779346694516e+00
2.535166762820486586e+00
2.531848119308314882e+00
2.529547439335216197e+00
2.525366520514616298e+00
2.520346831110913399e+00
2.514185050817310696e+00
2.512290746231406580e+00
2.508782076871168165e+00
2.504166974567711090e+00
2.501580827354937586e+00
2.495687756545859060e+00
2.494943842670509504e+00
2.495374261559534013e+00
2.491725570539250700e+00
2.487379146218815951e+00
2.481016965007764696e+00
2.478475128798515392e+00
2.475050973779695074e+00
2.473520717599154928e+00
2.471889415761824083e+00
2.472435819963309633e+00
2.464713575722174532e+00
2.456795773934804306e+00
2.444557414353250913e+00
2.442662329235227858e+00
2.439602832405423971e+00
2.437078569347334689e+00
2.438031924024506747e+00
2.437833640352587317e+00
2.429976205314305915e+00
2.430634102461043167e+00
2.425870208273831707e+00
2.421093784260653248e+00
2.413557809082944594e+00
2.413424415133514689e+00
2.410328382009716996e+00
2.407621183028204825e+00
2.404445846860053138e+00
2.397067319379211803e+00
2.391648669763520640e+00
2.384398208517795048e+00
2.385321888755254527e+00
2.379863580761930386e+00
2.375097469218340418e+00
2.372609340352823004e+00
2.369697128557708865e+00
2.358915524919128703e+00
2.360130199192945089e+00
2.354507831788303029e+00
2.357503151539233066e+00
2.357931968694059854e+00
2.343698559640576828e+00
2.340587088079770339e+00
2.341078791269277204e+00
2.338865531850007784e+00
2.334499317648845107e+00
2.329803170263242684e+00
2.327901531557186043e+00
2.319423675588076605e+00
2.311320133211763661e+00
2.307697058963373848e+00
2.313749997291511207e+00
2.311937588941494148e+00
2.303965548888407433e+00
2.297073672619035278e+00
2.293436857391569106e+00
2.290611668680654134e+00
2.289212144846955344e+00
2.288083924556559179e+00
2.284344865404541736e+00
2.287013154362795397e+00
2.281437091349041602e+00
2.275794878168650115e+00
2.270106068817019374e+00
2.266516323909185893e+00
2.263288169007410033e+00
2.260988117525245311e+00
2.256249788812580981e+00
2.250631705273449690e+00
2.237856075813154710e+00
2.237682208769709469e+00
2.237550617281717003e+00
2.233686986578548694e+00
2.228730434526782656e+00
2.226613647250802686e+00
2.224979479672766658e+00
2.222952898537873256e+00
2.218310502652772076e+00
2.209996591822067646e+00
2.207023485275425134e+00
2.205332245892886345e+00
2.200585934745190819e+00
2.199454598313548725e+00
2.196614253599376454e+00
2.196376302182567297e+00
2.190214879464392972e+00
2.189120586993950290e+00
2.189119110347967911e+00
2.183884385372773185e+00
2.177932015777192643e+00
2.171686777188379214e+00
2.167062727334744920e+00
2.163431684796131016e+00
2.160016044392509382e+00
2.158344579818030518e+00
2.154817790764616880e+00
2.152362823993793306e+00
2.150410075926805664e+00
2.145090934806173077e+00
2.135787191653781392e+00
2.134193531545902633e+00
2.128075070852793793e+00
2.126261651649307360e+00
2.119998392740156667e+00
2.122790907717279296e+00
2.124856089192504349e+00
2.121854780890948255e+00
2.110593702937038074e+00
2.107752465647863449e+00
2.108894771302427529e+00
2.110037076956991609e+00
2.102349845713864518e+00
2.092992383523531785e+00
2.092797532597109100e+00
2.087321615913072748e+00
2.091916962615046227e+00
2.090326810845960281e+00
2.079936887486937724e+00
2.077840469227211884e+00
2.075996901483159185e+00
2.074127721073520725e+00
2.069532179501269553e+00
2.068434475440922515e+00
2.066032713308615598e+00
2.058240687936300883e+00
2.054163871220156423e+00
2.054127542786055471e+00
2.050058776487021284e+00
2.046620528301192454e+00
2.039031728088699147e+00
2.034379966331482770e+00
2.035545545776586085e+00
2.032775031806544064e+00
2.030450019903614844e+00
2.026459210877847195e+00
2.027923512130135553e+00
2.024665770562675604e+00
2.022441042754217655e+00
2.017062365622015463e+00
2.012638516066182603e+00
2.011237045766384846e+00
2.006638594996995373e+00
2.004151680823522241e+00
2.002032767698996629e+00
1.999634773367457541e+00
2.001493533324809615e+00
1.995490610464029757e+00
1.993654285489792066e+00
1.989974645776225515e+00
1.988588561280254297e+00
1.984648935852837415e+00
1.985251134015176167e+00
1.980673879056366493e+00
1.976363830128857746e+00
1.974620360735991120e+00
1.974505940399686299e+00
1.976630433545409460e+00
1.974649985662710439e+00
1.972031851544783221e+00
1.967776528976922013e+00
1.964556830104890128e+00
1.963592096147359412e+00
1.959836590027087766e+00
1.953760841699506479e+00
1.960254112436760288e+00
1.961620157677197440e+00
1.954604588062967885e+00
1.955630441376564610e+00
1.950672069717993784e+00
