3.345493052642818377e+00
3.346622639322945236e+00
3.340848199306554633e+00
3.328334709769030120e+00
3.332081362883410058e+00
3.330937331485150921e+00
3.316188788678164912e+00
3.302414434463947224e+00
3.295128082470035302e+00
3.289228450816560567e+00
3.274188490215211189e+00
3.266670023957835678e+00
3.256633805078194221e+00
3.246183783498593378e+00
3.239647697085037414e+00
3.228649741251571115e+00
3.213484330166719083e+00
3.203474069854562956e+00
3.187588016151526205e+00
3.174466099008784958e+00
3.165209977229388905e+00
3.153265575766347695e+00
3.141439303650200188e+00
3.128822639274561723e+00
3.117427486397127634e+00
3.103652590228232810e+00
3.088792351729038987e+00
3.072518805356244442e+00
3.061413426805391857e+00
3.048346991450030963e+00
3.033938993485286506e+00
3.021942650808897124e+00
3.005977021868379229e+00
2.996127230719918266e+00
2.987693258697769583e+00
2.974401531215022487e+00
2.960284444227867517e+00
2.943759969036180202e+00
2.931793782951961802e+00
2.918843986237148691e+00
2.908087465390686965e+00
2.897200923803594286e+00
2.888868384679102341e+00
2.870861482614510685e+00
2.852751097247740564e+00
2.829621676600873936e+00
2.818584829390983870e+00
2.806226769143521871e+00
2.794485297695991743e+00
2.786712107689391260e+00
2.777665618924836100e+00
2.759964497475757117e+00
2.751905537724719686e+00
2.737717445097694213e+00
2.723620693831914963e+00
2.706481377215791628e+00
2.697658701402882997e+00
2.685542320797213556e+00
2.673918393288133633e+00
2.661840230178147859e+00
2.645120487141118470e+00
2.630622058909121375e+00
2.614148185846766559e+00
2.606681689436473714e+00
2.592273347681521400e+00
2.578733307467254487e+00
2.567668198339185803e+00
2.556245656039785263e+00
2.536345340601345200e+00
2.529387615356956331e+00
2.515103168762962582e+00
2.510081696285442643e+00
2.502351212188947294e+00
2.479143015888928936e+00
2.467761851554428620e+00
2.460228004883215469e+00
2.449880079205860373e+00
2.437307250180591023e+00
2.424442871765049468e+00
2.414588891049914476e+00
2.397921412333376079e+00
2.381684515068444696e+00
2.370126495162230285e+00
2.368509785543177593e+00
2.358886995590278701e+00
2.343087552910775972e+00
2.328399019197298969e+00
2.317091793350297912e+00
2.306645225630634677e+00
2.297669654045328969e+00
2.288977199320238576e+00
2.277729590407345128e+00
2.272897288512485847e+00
2.259921873000197756e+00
2.246927155834172130e+00
2.233916625802867095e+00
2.223097253494568104e+00
2.212639520596344056e+00
2.203128138488217758e+00
2.191269184101762413e+00
2.178603582821800444e+00
2.159130710026806899e+00
2.151870521270483838e+00
2.144664609710745573e+00
2.133934616047256760e+00
2.122173780883858552e+00
2.113155829352044268e+00
2.104640778096653619e+00
2.095819531466118768e+00
2.084567914208147688e+00
2.069933067491247503e+00
2.060339786955393215e+00
2.051937815500795459e+00
2.040835826329243208e+00
2.033080074603461185e+00
2.023759816853050175e+00
2.016866867595722645e+00
2.004610329994372719e+00
1.997001521638900101e+00
1.990431246401370924e+00
1.979163543467934883e+00
1.967281798072006094e+00
1.955204320908057847e+00
1.944599897080415474e+00
1.934968635312851681e+00
1.925576750563881889e+00
1.917761952360133915e+00
1.908360853619592845e+00
1.899924776644531965e+00
1.891987160034300341e+00
1.881123483056929224e+00
1.866835458727239772e+00
1.859311216911236020e+00
1.847885020710881676e+00
1.840271067470437893e+00
1.828859525496247418e+00
1.825301780341260338e+00
1.821113573514839601e+00
1.812625340548460251e+00
1.797083968595757364e+00
1.788815648236431688e+00
1.783935833277894289e+00
1.779056018319357335e+00
1.766847535834664695e+00
1.753276429332867981e+00
1.747411135742266364e+00
1.737212086500028008e+00
1.735385002823382816e+00
1.728483687375860667e+00
1.714351808862856652e+00
1.707106364070167359e+00
1.700110311576455313e+00
1.693127634801843584e+00
1.683946500016979986e+00
1.677710923563977552e+00
1.670425585001490631e+00
1.658818096613602577e+00
1.650253452514528263e+00
1.644993954187966789e+00
1.636531107680120556e+00
1.628642567051358236e+00
1.617541488230182178e+00
1.608816196897301154e+00
1.604719900057414605e+00
1.597547900933938392e+00
1.590804720670444095e+00
1.582809312953366243e+00
1.579120850760515449e+00
1.571794374298561170e+00
1.565346092393519850e+00
1.556486282018093137e+00
1.548444625522457541e+00
1.542768729129207816e+00
1.534753824876039063e+00
1.528379797693983910e+00
1.522384140176910261e+00
1.516203980942540497e+00
1.513328699231308416e+00
1.504637934821445588e+00
1.499146433860130134e+00
1.492300455833404538e+00
1.487295676029456226e+00
1.480435464131720114e+00
1.477035042140317778e+00
1.469964508543447179e+00
1.463192866635735889e+00
1.458400299797081967e+00
1.454883038186093325e+00
1.453081569710813703e+00
1.448546653282833940e+00
1.443579427162325901e+00
1.437522084569888392e+00
1.432471074357391405e+00
1.429165800288937138e+00
1.424072413984253105e+00
1.417486542306261699e+00
1.420193448212713205e+00
1.419405163768905354e+00
1.412867730579590253e+00
1.412408505678650839e+00
1.407779031101881184e+00
