2.667061620138849065e+00
2.662817704623407611e+00
2.658580542164876270e+00
2.654350122017569369e+00
2.650126433452902219e+00
2.645909465759359591e+00
2.641699208242473507e+00
2.637495650224790378e+00
2.633298781045849246e+00
2.629108590062150697e+00
2.624925066647133320e+00
2.620748200191144406e+00
2.616577980101412404e+00
2.612414395802022948e+00
2.608257436733889989e+00
2.604107092354728259e+00
2.599963352139030182e+00
2.595826205578034340e+00
2.591695642179701942e+00
2.587571651468690614e+00
2.583454222986325099e+00
2.579343346290572825e+00
2.575239010956016816e+00
2.571141206573830829e+00
2.567049922751749147e+00
2.562965149114043939e+00
2.558886875301497277e+00
2.554815090971374936e+00
2.550749785797401525e+00
2.546690949469731180e+00
2.542638571694925798e+00
2.538592642195923954e+00
2.534553150712018699e+00
2.530520086998831353e+00
2.526493440828282200e+00
2.522473201988568725e+00
2.518459360284136306e+00
2.514451905535655118e+00
2.510450827579991273e+00
2.506456116270185053e+00
2.502467761475421160e+00
2.498485753081005623e+00
2.494510080988338707e+00
2.490540735114889159e+00
2.486577705394173332e+00
2.482620981775720104e+00
2.478670554225055334e+00
2.474726412723669000e+00
2.470788547268996105e+00
2.466856947874384254e+00
2.462931604569075894e+00
2.459012507398175895e+00
2.455099646422632009e+00
2.451193011719206893e+00
2.447292593380453241e+00
2.443398381514688023e+00
2.439510366245968953e+00
2.435628537714068287e+00
2.431752886074449727e+00
2.427883401498239113e+00
2.424020074172203998e+00
2.420162894298728329e+00
2.416311852095783141e+00
2.412466937796907018e+00
2.408628141651180332e+00
2.404795453923197268e+00
2.400968864893043175e+00
2.397148364856272806e+00
2.393333944123878787e+00
2.389525593022276073e+00
2.385723301893267756e+00
2.381927061094028630e+00
2.378136860997077218e+00
2.374352691990250452e+00
2.370574544476679257e+00
2.366802408874769004e+00
2.363036275618168425e+00
2.359276135155750520e+00
2.355521977951585022e+00
2.351773794484916191e+00
2.348031575250137948e+00
2.344295310756769446e+00
2.340564991529432426e+00
2.336840608107825012e+00
2.333122151046699511e+00
2.329409610915837536e+00
2.325702978300026480e+00
2.322002243799035970e+00
2.318307398027593447e+00
2.314618431615358851e+00
2.310935335206905084e+00
2.307258099461689582e+00
2.303586715054035228e+00
2.299921172673100589e+00
2.296261463022863047e+00
2.292607576822091708e+00
2.288959504804322975e+00
2.285317237717839234e+00
2.281680766325643983e+00
2.278050081405439631e+00
2.274425173749603957e+00
2.270806034165163467e+00
2.267192653473775188e+00
2.263585022511701350e+00
2.259983132129784522e+00
2.256386973193425849e+00
2.252796536582562847e+00
2.249211813191643206e+00
2.245632793929606130e+00
2.242059469719854370e+00
2.238491831500235119e+00
2.234929870223016035e+00
2.231373576854859930e+00
2.227822942376805671e+00
2.224277957784242421e+00
2.220738614086888330e+00
2.217204902308765657e+00
2.213676813488181683e+00
2.210154338677702501e+00
2.206637468944132152e+00
2.203126195368488194e+00
2.199620509045983496e+00
2.196120401085996932e+00
2.192625862612055609e+00
2.189136884761813118e+00
2.185653458687021988e+00
2.182175575553516822e+00
2.178703226541188087e+00
2.175236402843962136e+00
2.171775095669776334e+00
2.168319296240559524e+00
2.164868995792208040e+00
2.161424185574563950e+00
2.157984856851393740e+00
2.154551000900362556e+00
2.151122609013018661e+00
2.147699672494764567e+00
2.144282182664839720e+00
2.140870130856294296e+00
2.137463508415972768e+00
2.134062306704486378e+00
2.130666517096194479e+00
2.127276130979181890e+00
2.123891139755236690e+00
2.120511534839829793e+00
2.117137307662090073e+00
2.113768449664785720e+00
2.110404952304302917e+00
2.107046807050620529e+00
2.103694005387291011e+00
2.100346538811419972e+00
2.097004398833641314e+00
2.093667576978098577e+00
2.090336064782421399e+00
2.087009853797707315e+00
2.083688935588494662e+00
2.080373301732747038e+00
2.077062943821828878e+00
2.073757853460483691e+00
2.070458022266815412e+00
2.067163441872265306e+00
2.063874103921589320e+00
2.060590000072838990e+00
2.057311121997342340e+00
2.054037461379677687e+00
2.050769009917654984e+00
2.047505759322296726e+00
2.044247701317813526e+00
2.040994827641585463e+00
2.037747130044139876e+00
2.034504600289132270e+00
2.031267230153321446e+00
2.028035011426554401e+00
2.024807935911739687e+00
2.021585995424831861e+00
2.018369181794805289e+00
2.015157486863639491e+00
2.011950902486292936e+00
2.008749420530685281e+00
2.005553032877676944e+00
2.002361731421047342e+00
1.999175508067474905e+00
1.995994354736515541e+00
1.992818263360584652e+00
1.989647225884934034e+00
1.986481234267631901e+00
1.983320280479543785e+00
1.980164356504312329e+00
1.977013454338334419e+00
1.973867565990743200e+00
1.970726683483386754e+00
1.967590798850810119e+00
1.964459904140230639e+00
1.961333991411521538e+00
1.958213052737191262e+00
1.955097080202361726e+00
1.951986065904749212e+00
1.948880001954645724e+00
1.945778880474896333e+00
1.942682693600879862e+00
1.939591433480492011e+00
