3.577984558146039884e+00
3.560495317443885366e+00
3.543091564405350002e+00
3.525772881165486705e+00
3.508538851901877642e+00
3.491389062824653777e+00
3.474323102166554378e+00
3.457340560173045585e+00
3.440441029092476288e+00
3.423624103166294841e+00
3.406889378619300857e+00
3.390236453649955628e+00
3.373664928420729403e+00
3.357174405048505061e+00
3.340764487595025312e+00
3.324434782057382520e+00
3.308184896358563609e+00
3.292014440338031811e+00
3.275923025742360828e+00
3.259910266215912511e+00
3.243975777291563389e+00
3.228119176381467614e+00
3.212340082767875415e+00
3.196638117593991524e+00
3.181012903854878004e+00
3.165464066388401942e+00
3.149991231866228425e+00
3.134594028784858377e+00
3.119272087456704590e+00
3.104025040001221925e+00
3.088852520336065943e+00
3.073754164168312819e+00
3.058729608985704118e+00
3.043778494047948868e+00
3.028900460378059378e+00
3.014095150753731023e+00
2.999362209698770432e+00
2.984701283474553879e+00
2.970112020071538517e+00
2.955594069200810026e+00
2.941147082285669345e+00
2.926770712453267809e+00
2.912464614526273810e+00
2.898228445014589649e+00
2.884061862107101692e+00
2.869964525663473154e+00
2.855936097205979074e+00
2.841976239911378599e+00
2.828084618602825895e+00
2.814260899741828137e+00
2.800504751420230587e+00
2.786815843352250077e+00
2.773193846866547574e+00
2.759638434898332715e+00
2.746149281981513646e+00
2.732726064240879271e+00
2.719368459384327696e+00
2.706076146695125306e+00
2.692848807024204039e+00
2.679686122782504398e+00
2.666587777933345116e+00
2.653553457984836772e+00
2.640582849982332281e+00
2.627675642500909348e+00
2.614831525637895560e+00
2.602050191005429891e+00
2.589331331723052187e+00
2.576674642410341054e+00
2.564079819179577946e+00
2.551546559628451227e+00
2.539074562832798865e+00
2.526663529339375991e+00
2.514313161158674426e+00
2.502023161757759961e+00
2.489793236053156278e+00
2.477623090403759942e+00
2.465512432603790050e+00
2.453460971875769392e+00
2.441468418863548262e+00
2.429534485625352236e+00
2.417658885626871257e+00
2.405841333734378917e+00
2.394081546207885935e+00
2.382379240694328271e+00
2.370734136220790322e+00
2.359145953187753442e+00
2.347614413362385299e+00
2.336139239871861673e+00
2.324720157196715764e+00
2.313356891164224383e+00
2.302049168941822987e+00
2.290796719030558037e+00
2.279599271258568205e+00
2.268456556774592237e+00
2.257368308041521665e+00
2.246334258829970842e+00
2.235354144211889160e+00
2.224427700554195475e+00
2.213554665512454722e+00
2.202734778024571849e+00
2.191967778304529268e+00
2.181253407836145630e+00
2.170591409366871449e+00
2.159981526901611382e+00
2.149423505696578474e+00
2.138917092253175500e+00
2.128462034311911388e+00
2.118058080846341618e+00
2.107704982057045484e+00
2.097402489365622014e+00
2.087150355408728064e+00
2.076948334032134191e+00
2.066796180284816931e+00
2.056693650413078167e+00
2.046640501854688488e+00
2.036636493233069167e+00
2.026681384351492810e+00
2.016774936187317291e+00
2.006916910886244576e+00
1.997107071756614616e+00
1.987345183263719006e+00
1.977631011024145291e+00
1.967964321800151906e+00
1.958344883494066213e+00
1.948772465142712296e+00
1.939246836911865390e+00
1.929767770090734524e+00
1.920335037086469132e+00
1.910948411418698090e+00
1.901607667714085625e+00
1.892312581700930085e+00
1.883062930203766916e+00
1.873858491138020943e+00
1.864699043504666864e+00
1.855584367384928157e+00
1.846514243934992638e+00
1.837488455380760222e+00
1.828506785012614433e+00
1.819569017180218795e+00
1.810674937287337638e+00
1.801824331786685551e+00
1.793016988174799708e+00
1.784252694986936394e+00
1.775531241791995285e+00
1.766852419187466605e+00
1.758216018794401370e+00
1.749621833252412939e+00
1.741069656214692563e+00
1.732559282343058671e+00
1.724090507303026820e+00
1.715663127758900064e+00
1.707276941368891743e+00
1.698931746780263152e+00
1.690627343624490964e+00
1.682363532512457516e+00
1.674140115029660869e+00
1.665956893731451505e+00
1.657813672138293226e+00
1.649710254731044712e+00
1.641646446946264160e+00
1.633622055171539689e+00
1.625636886740839060e+00
1.617690749929884930e+00
1.609783453951550314e+00
1.601914808951279356e+00
1.594084626002527205e+00
1.586292717102225636e+00
1.578538895166266665e+00
1.570822974025014140e+00
1.563144768418830655e+00
1.555504093993629988e+00
1.547900767296452651e+00
1.540334605771059184e+00
1.532805427753548555e+00
1.525313052467993868e+00
1.517857300022104727e+00
1.510437991402907798e+00
1.503054948472445584e+00
1.495707993963503180e+00
1.488396951475349672e+00
1.481121645469503756e+00
1.473881901265518657e+00
1.466677545036788155e+00
1.459508403806373700e+00
1.452374305442849289e+00
1.445275078656170553e+00
1.438210552993561375e+00
1.431180558835421390e+00
1.424184927391253019e+00
1.417223490695609378e+00
1.410296081604060392e+00
1.403402533789182005e+00
1.396542681736558711e+00
1.389716360740814505e+00
1.382923406901653607e+00
1.376163657119927830e+00
1.369436949093720379e+00
1.362743121314448969e+00
1.356082013062986480e+00
1.349453464405803604e+00
1.342857316191129247e+00
