6.999270949240864681e+00
6.897134210537195109e+00
6.796487900403683113e+00
6.697310269787527304e+00
6.599579887008606427e+00
6.503275633128208000e+00
6.408376697385362419e+00
6.314862572699773580e+00
6.222713051240344129e+00
6.131908220058408077e+00
6.042428456784644020e+00
5.954254425388822547e+00
5.867367072001385075e+00
5.781747620796037879e+00
5.697377569932403851e+00
5.614238687557882024e+00
5.532313007867867505e+00
5.451582827223438343e+00
5.372030700325718833e+00
5.293639436446046176e+00
5.216392095711168686e+00
5.140271985442637970e+00
5.065262656549619713e+00
4.991347899974353908e+00
4.918511743189468710e+00
4.846738446746422291e+00
4.776012500874292854e+00
4.706318622128225826e+00
4.637641750086765491e+00
4.569967044097390740e+00
4.503279880069546159e+00
4.437565847314455247e+00
4.372810745431072732e+00
4.309000581237452998e+00
4.246121565746911131e+00
4.184160111188312214e+00
4.123102828069830750e+00
4.062936522285568230e+00
4.003648192264384065e+00
3.945225026160336323e+00
3.887654399084123913e+00
3.830923870374915996e+00
3.775021180912011776e+00
3.719934250465713355e+00
3.665651175086861002e+00
3.612160224534467723e+00
3.559449839740879362e+00
3.507508630313937115e+00
3.456325372075576663e+00
3.405889004636359907e+00
3.356188629005383728e+00
3.307213505235081730e+00
3.258953050100382054e+00
3.211396834811740764e+00
3.164534582761541426e+00
3.118356167303385718e+00
3.072851609563784336e+00
3.028011076285785474e+00
2.983824877704064793e+00
2.940283465451032807e+00
2.897377430493481842e+00
2.855097501099360446e+00
2.813434540834204522e+00
2.772379546586805965e+00
2.731923646623703572e+00
2.692058098672049926e+00
2.652774288030458560e+00
2.614063725707425512e+00
2.575918046586905152e+00
2.538329007620660605e+00
2.501288486046993498e+00
2.464788477635462272e+00
2.428821094957217319e+00
2.393378565680576830e+00
2.358453230891472963e+00
2.324037543438408182e+00
2.290124066301558958e+00
2.256705470985685746e+00
2.223774535936485552e+00
2.191324144980059341e+00
2.159347285785153225e+00
2.127837048347832383e+00
2.096786623498275492e+00
2.066189301429349978e+00
2.036038470246668730e+00
2.006327614539795690e+00
1.977050313974307860e+00
1.948200241904401553e+00
1.919771164005738218e+00
1.891756936928251198e+00
1.864151506968598548e+00
1.836948908762001897e+00
1.810143263993161167e+00
1.783728780125990010e+00
1.757699749151885760e+00
1.732050546356256548e+00
1.706775629103063130e+00
1.681869535637086077e+00
1.657326883903671222e+00
1.633142370385703090e+00
1.609310768957546989e+00
1.585826929755716375e+00
1.562685778066014608e+00
1.539882313226925703e+00
1.517411607548997843e+00
1.495268805250001609e+00
1.473449121405624673e+00
1.451947840915478460e+00
1.430760317484195188e+00
1.409881972617389678e+00
1.389308294632276342e+00
1.369034837682722161e+00
1.349057220798525636e+00
1.329371126938715619e+00
1.309972302058665550e+00
1.290856554190821903e+00
1.272019752538843029e+00
1.253457826584960522e+00
1.235166765210366391e+00
1.217142615828432417e+00
1.199381483530581827e+00
1.181879530244622556e+00
1.164632973905364910e+00
1.147638087637338433e+00
1.130891198949437682e+00
1.114388688941319261e+00
1.098126991521380269e+00
1.082102592636146055e+00
1.066312029510906534e+00
1.050751889901430758e+00
1.035418811356601854e+00
1.020309480491811360e+00
1.005420632272959525e+00
9.907490493108963570e-01
9.762915611661701076e-01
9.620450436639090830e-01
9.480064182187091237e-01
9.341726511693696500e-01
9.205407531233383844e-01
9.071077783107208692e-01
8.938708239477182182e-01
8.808270296093543283e-01
8.679735766113534368e-01
8.553076874010410169e-01
8.428266249571310098e-01
8.305276921982729377e-01
8.184082314002282255e-01
8.064656236215529406e-01
7.946972881376607178e-01
7.831006818831429683e-01
7.716732989022284661e-01
7.604126698072618540e-01
7.493163612450839395e-01
7.383819753711987621e-01
7.276071493316139671e-01
7.169895547522434631e-01
7.065268972357584554e-01
6.962169158657829371e-01
6.860573827183241713e-01
6.760461023803305824e-01
6.661809114752772487e-01
6.564596781956734128e-01
6.468803018423919804e-01
6.374407123707208633e-01
6.281388699430390243e-01
6.189727644880200774e-01
6.099404152662690759e-01
6.010398704422948990e-01
5.922692066627320839e-01
5.836265286407156250e-01
5.751099687463210319e-01
5.667176866029799420e-01
5.584478686897876853e-01
5.502987279496118767e-01
5.422685034029184337e-01
5.343554597672376394e-01
5.265578870821789881e-01
5.188741003399179874e-01
5.113024391210780895e-01
5.038412672359228184e-01
4.964889723707865965e-01
4.892439657396618902e-01
4.821046817408734531e-01
4.750695776187613406e-01
4.681371331303003092e-01
4.613058502165847119e-01
4.545742526791073379e-01
4.479408858607623611e-01
4.414043163315010676e-01
4.349631315785785213e-01
4.286159397013173944e-01
4.223613691103261236e-01
4.161980682311072766e-01
4.101247052119912362e-01
4.041399676363300886e-01
3.982425622388924280e-01
3.924312146263976286e-01
3.867046690021269106e-01
3.810616878945527475e-01
3.755010518899289385e-01
3.700215593687835591e-01
